<?xml version="1.0" encoding="UTF-8"?>
<testsuite xmlns:xsi="http://www.w3.org/2001/XMLSchema-instance" xsi:noNamespaceSchemaLocation="https://maven.apache.org/surefire/maven-surefire-plugin/xsd/surefire-test-report-3.0.xsd" version="3.0" name="pl.programautomatycy.cart.service.test.A_FirstTest" time="0.021" tests="1" errors="0" skipped="0" failures="0">
  <properties>
    <property name="sun.desktop" value="windows"/>
    <property name="awt.toolkit" value="sun.awt.windows.WToolkit"/>
    <property name="java.specification.version" value="11"/>
    <property name="sun.cpu.isalist" value="amd64"/>
    <property name="sun.jnu.encoding" value="Cp1250"/>
    <property name="java.class.path" value="C:\Users\arkadiusz_toczek\OneDrive - Refinitiv\Desktop\Test_frameworks\programautomatycy.api_.restassured\programautomatycy.api.restassured\target\test-classes;C:\Users\arkadiusz_toczek\OneDrive - Refinitiv\Desktop\Test_frameworks\programautomatycy.api_.restassured\programautomatycy.api.restassured\target\classes;C:\Users\arkadiusz_toczek\.m2\repository\io\rest-assured\rest-assured\4.3.1\rest-assured-4.3.1.jar;C:\Users\arkadiusz_toczek\.m2\repository\org\codehaus\groovy\groovy\3.0.3\groovy-3.0.3.jar;C:\Users\arkadiusz_toczek\.m2\repository\org\codehaus\groovy\groovy-xml\3.0.3\groovy-xml-3.0.3.jar;C:\Users\arkadiusz_toczek\.m2\repository\org\apache\httpcomponents\httpclient\4.5.3\httpclient-4.5.3.jar;C:\Users\arkadiusz_toczek\.m2\repository\org\apache\httpcomponents\httpcore\4.4.6\httpcore-4.4.6.jar;C:\Users\arkadiusz_toczek\.m2\repository\commons-logging\commons-logging\1.2\commons-logging-1.2.jar;C:\Users\arkadiusz_toczek\.m2\repository\commons-codec\commons-codec\1.9\commons-codec-1.9.jar;C:\Users\arkadiusz_toczek\.m2\repository\org\apache\httpcomponents\httpmime\4.5.3\httpmime-4.5.3.jar;C:\Users\arkadiusz_toczek\.m2\repository\org\hamcrest\hamcrest\2.1\hamcrest-2.1.jar;C:\Users\arkadiusz_toczek\.m2\repository\org\ccil\cowan\tagsoup\tagsoup\1.2.1\tagsoup-1.2.1.jar;C:\Users\arkadiusz_toczek\.m2\repository\io\rest-assured\json-path\4.3.1\json-path-4.3.1.jar;C:\Users\arkadiusz_toczek\.m2\repository\org\codehaus\groovy\groovy-json\3.0.3\groovy-json-3.0.3.jar;C:\Users\arkadiusz_toczek\.m2\repository\io\rest-assured\rest-assured-common\4.3.1\rest-assured-common-4.3.1.jar;C:\Users\arkadiusz_toczek\.m2\repository\io\rest-assured\xml-path\4.3.1\xml-path-4.3.1.jar;C:\Users\arkadiusz_toczek\.m2\repository\jakarta\xml\bind\jakarta.xml.bind-api\2.3.3\jakarta.xml.bind-api-2.3.3.jar;C:\Users\arkadiusz_toczek\.m2\repository\jakarta\activation\jakarta.activation-api\1.2.2\jakarta.activation-api-1.2.2.jar;C:\Users\arkadiusz_toczek\.m2\repository\com\sun\xml\bind\jaxb-impl\2.3.3\jaxb-impl-2.3.3.jar;C:\Users\arkadiusz_toczek\.m2\repository\org\json\json\20200518\json-20200518.jar;C:\Users\arkadiusz_toczek\.m2\repository\net\minidev\json-smart\2.3\json-smart-2.3.jar;C:\Users\arkadiusz_toczek\.m2\repository\net\minidev\accessors-smart\1.2\accessors-smart-1.2.jar;C:\Users\arkadiusz_toczek\.m2\repository\org\ow2\asm\asm\5.0.4\asm-5.0.4.jar;C:\Users\arkadiusz_toczek\.m2\repository\com\fasterxml\jackson\core\jackson-databind\2.11.3\jackson-databind-2.11.3.jar;C:\Users\arkadiusz_toczek\.m2\repository\com\fasterxml\jackson\core\jackson-core\2.11.3\jackson-core-2.11.3.jar;C:\Users\arkadiusz_toczek\.m2\repository\com\fasterxml\jackson\core\jackson-annotations\2.11.3\jackson-annotations-2.11.3.jar;C:\Users\arkadiusz_toczek\.m2\repository\org\testng\testng\7.3.0\testng-7.3.0.jar;C:\Users\arkadiusz_toczek\.m2\repository\com\beust\jcommander\1.78\jcommander-1.78.jar;C:\Users\arkadiusz_toczek\.m2\repository\org\apache\ant\ant\1.10.3\ant-1.10.3.jar;C:\Users\arkadiusz_toczek\.m2\repository\org\apache\ant\ant-launcher\1.10.3\ant-launcher-1.10.3.jar;C:\Users\arkadiusz_toczek\.m2\repository\junit\junit\4.12\junit-4.12.jar;C:\Users\arkadiusz_toczek\.m2\repository\org\hamcrest\hamcrest-core\1.3\hamcrest-core-1.3.jar;C:\Users\arkadiusz_toczek\.m2\repository\com\google\inject\guice\4.2.2\guice-4.2.2-no_aop.jar;C:\Users\arkadiusz_toczek\.m2\repository\javax\inject\javax.inject\1\javax.inject-1.jar;C:\Users\arkadiusz_toczek\.m2\repository\aopalliance\aopalliance\1.0\aopalliance-1.0.jar;C:\Users\arkadiusz_toczek\.m2\repository\org\yaml\snakeyaml\1.21\snakeyaml-1.21.jar;C:\Users\arkadiusz_toczek\.m2\repository\org\junit\jupiter\junit-jupiter-api\5.7.2\junit-jupiter-api-5.7.2.jar;C:\Users\arkadiusz_toczek\.m2\repository\org\apiguardian\apiguardian-api\1.1.0\apiguardian-api-1.1.0.jar;C:\Users\arkadiusz_toczek\.m2\repository\org\opentest4j\opentest4j\1.2.0\opentest4j-1.2.0.jar;C:\Users\arkadiusz_toczek\.m2\repository\org\junit\platform\junit-platform-commons\1.7.2\junit-platform-commons-1.7.2.jar;C:\Users\arkadiusz_toczek\.m2\repository\org\mock-server\mockserver-netty\5.14.0\mockserver-netty-5.14.0.jar;C:\Users\arkadiusz_toczek\.m2\repository\org\mock-server\mockserver-core\5.14.0\mockserver-core-5.14.0.jar;C:\Users\arkadiusz_toczek\.m2\repository\com\lmax\disruptor\3.4.4\disruptor-3.4.4.jar;C:\Users\arkadiusz_toczek\.m2\repository\javax\servlet\javax.servlet-api\4.0.1\javax.servlet-api-4.0.1.jar;C:\Users\arkadiusz_toczek\.m2\repository\io\netty\netty-codec-socks\4.1.79.Final\netty-codec-socks-4.1.79.Final.jar;C:\Users\arkadiusz_toczek\.m2\repository\io\netty\netty-handler-proxy\4.1.79.Final\netty-handler-proxy-4.1.79.Final.jar;C:\Users\arkadiusz_toczek\.m2\repository\com\jcraft\jzlib\1.1.3\jzlib-1.1.3.jar;C:\Users\arkadiusz_toczek\.m2\repository\com\fasterxml\uuid\java-uuid-generator\4.0.1\java-uuid-generator-4.0.1.jar;C:\Users\arkadiusz_toczek\.m2\repository\org\bouncycastle\bcprov-jdk18on\1.71\bcprov-jdk18on-1.71.jar;C:\Users\arkadiusz_toczek\.m2\repository\org\bouncycastle\bcpkix-jdk18on\1.71\bcpkix-jdk18on-1.71.jar;C:\Users\arkadiusz_toczek\.m2\repository\org\bouncycastle\bcutil-jdk18on\1.71\bcutil-jdk18on-1.71.jar;C:\Users\arkadiusz_toczek\.m2\repository\com\nimbusds\nimbus-jose-jwt\9.24.2\nimbus-jose-jwt-9.24.2.jar;C:\Users\arkadiusz_toczek\.m2\repository\com\github\stephenc\jcip\jcip-annotations\1.0-1\jcip-annotations-1.0-1.jar;C:\Users\arkadiusz_toczek\.m2\repository\org\apache\velocity\velocity-engine-scripting\2.3\velocity-engine-scripting-2.3.jar;C:\Users\arkadiusz_toczek\.m2\repository\org\apache\velocity\velocity-engine-core\2.3\velocity-engine-core-2.3.jar;C:\Users\arkadiusz_toczek\.m2\repository\org\apache\velocity\tools\velocity-tools-generic\3.1\velocity-tools-generic-3.1.jar;C:\Users\arkadiusz_toczek\.m2\repository\commons-beanutils\commons-beanutils\1.9.4\commons-beanutils-1.9.4.jar;C:\Users\arkadiusz_toczek\.m2\repository\commons-collections\commons-collections\3.2.2\commons-collections-3.2.2.jar;C:\Users\arkadiusz_toczek\.m2\repository\org\apache\commons\commons-digester3\3.2\commons-digester3-3.2.jar;C:\Users\arkadiusz_toczek\.m2\repository\com\github\cliftonlabs\json-simple\3.0.2\json-simple-3.0.2.jar;C:\Users\arkadiusz_toczek\.m2\repository\com\samskivert\jmustache\1.15\jmustache-1.15.jar;C:\Users\arkadiusz_toczek\.m2\repository\net\javacrumbs\json-unit\json-unit-core\2.35.0\json-unit-core-2.35.0.jar;C:\Users\arkadiusz_toczek\.m2\repository\com\networknt\json-schema-validator\1.0.72\json-schema-validator-1.0.72.jar;C:\Users\arkadiusz_toczek\.m2\repository\com\ethlo\time\itu\1.7.0\itu-1.7.0.jar;C:\Users\arkadiusz_toczek\.m2\repository\com\jayway\jsonpath\json-path\2.7.0\json-path-2.7.0.jar;C:\Users\arkadiusz_toczek\.m2\repository\io\swagger\parser\v3\swagger-parser\2.1.2\swagger-parser-2.1.2.jar;C:\Users\arkadiusz_toczek\.m2\repository\io\swagger\parser\v3\swagger-parser-v2-converter\2.1.2\swagger-parser-v2-converter-2.1.2.jar;C:\Users\arkadiusz_toczek\.m2\repository\io\swagger\swagger-core\1.6.6\swagger-core-1.6.6.jar;C:\Users\arkadiusz_toczek\.m2\repository\io\swagger\swagger-models\1.6.6\swagger-models-1.6.6.jar;C:\Users\arkadiusz_toczek\.m2\repository\io\swagger\swagger-annotations\1.6.6\swagger-annotations-1.6.6.jar;C:\Users\arkadiusz_toczek\.m2\repository\io\swagger\swagger-parser\1.0.61\swagger-parser-1.0.61.jar;C:\Users\arkadiusz_toczek\.m2\repository\io\swagger\swagger-compat-spec-parser\1.0.61\swagger-compat-spec-parser-1.0.61.jar;C:\Users\arkadiusz_toczek\.m2\repository\com\github\java-json-tools\json-schema-validator\2.2.14\json-schema-validator-2.2.14.jar;C:\Users\arkadiusz_toczek\.m2\repository\com\github\java-json-tools\jackson-coreutils-equivalence\1.0\jackson-coreutils-equivalence-1.0.jar;C:\Users\arkadiusz_toczek\.m2\repository\com\github\java-json-tools\json-schema-core\1.2.14\json-schema-core-1.2.14.jar;C:\Users\arkadiusz_toczek\.m2\repository\com\github\java-json-tools\uri-template\0.10\uri-template-0.10.jar;C:\Users\arkadiusz_toczek\.m2\repository\org\mozilla\rhino\1.7.7.2\rhino-1.7.7.2.jar;C:\Users\arkadiusz_toczek\.m2\repository\com\sun\mail\mailapi\1.6.2\mailapi-1.6.2.jar;C:\Users\arkadiusz_toczek\.m2\repository\joda-time\joda-time\2.10.5\joda-time-2.10.5.jar;C:\Users\arkadiusz_toczek\.m2\repository\com\googlecode\libphonenumber\libphonenumber\8.11.1\libphonenumber-8.11.1.jar;C:\Users\arkadiusz_toczek\.m2\repository\net\sf\jopt-simple\jopt-simple\5.0.4\jopt-simple-5.0.4.jar;C:\Users\arkadiusz_toczek\.m2\repository\com\github\java-json-tools\json-patch\1.13\json-patch-1.13.jar;C:\Users\arkadiusz_toczek\.m2\repository\com\github\java-json-tools\msg-simple\1.2\msg-simple-1.2.jar;C:\Users\arkadiusz_toczek\.m2\repository\com\github\java-json-tools\btf\1.3\btf-1.3.jar;C:\Users\arkadiusz_toczek\.m2\repository\com\github\java-json-tools\jackson-coreutils\2.0\jackson-coreutils-2.0.jar;C:\Users\arkadiusz_toczek\.m2\repository\io\swagger\core\v3\swagger-models\2.2.2\swagger-models-2.2.2.jar;C:\Users\arkadiusz_toczek\.m2\repository\io\swagger\parser\v3\swagger-parser-core\2.1.2\swagger-parser-core-2.1.2.jar;C:\Users\arkadiusz_toczek\.m2\repository\io\swagger\parser\v3\swagger-parser-v3\2.1.2\swagger-parser-v3-2.1.2.jar;C:\Users\arkadiusz_toczek\.m2\repository\io\swagger\core\v3\swagger-core\2.2.2\swagger-core-2.2.2.jar;C:\Users\arkadiusz_toczek\.m2\repository\com\fasterxml\jackson\datatype\jackson-datatype-jsr310\2.13.3\jackson-datatype-jsr310-2.13.3.jar;C:\Users\arkadiusz_toczek\.m2\repository\io\swagger\core\v3\swagger-annotations\2.2.2\swagger-annotations-2.2.2.jar;C:\Users\arkadiusz_toczek\.m2\repository\jakarta\validation\jakarta.validation-api\2.0.2\jakarta.validation-api-2.0.2.jar;C:\Users\arkadiusz_toczek\.m2\repository\com\fasterxml\jackson\dataformat\jackson-dataformat-yaml\2.13.2\jackson-dataformat-yaml-2.13.2.jar;C:\Users\arkadiusz_toczek\.m2\repository\org\xmlunit\xmlunit-core\2.9.0\xmlunit-core-2.9.0.jar;C:\Users\arkadiusz_toczek\.m2\repository\org\xmlunit\xmlunit-placeholders\2.9.0\xmlunit-placeholders-2.9.0.jar;C:\Users\arkadiusz_toczek\.m2\repository\org\apache\commons\commons-text\1.9\commons-text-1.9.jar;C:\Users\arkadiusz_toczek\.m2\repository\io\github\classgraph\classgraph\4.8.149\classgraph-4.8.149.jar;C:\Users\arkadiusz_toczek\.m2\repository\io\netty\netty-buffer\4.1.79.Final\netty-buffer-4.1.79.Final.jar;C:\Users\arkadiusz_toczek\.m2\repository\io\netty\netty-codec\4.1.79.Final\netty-codec-4.1.79.Final.jar;C:\Users\arkadiusz_toczek\.m2\repository\io\netty\netty-codec-http\4.1.79.Final\netty-codec-http-4.1.79.Final.jar;C:\Users\arkadiusz_toczek\.m2\repository\io\netty\netty-common\4.1.79.Final\netty-common-4.1.79.Final.jar;C:\Users\arkadiusz_toczek\.m2\repository\io\netty\netty-handler\4.1.79.Final\netty-handler-4.1.79.Final.jar;C:\Users\arkadiusz_toczek\.m2\repository\io\netty\netty-resolver\4.1.79.Final\netty-resolver-4.1.79.Final.jar;C:\Users\arkadiusz_toczek\.m2\repository\io\netty\netty-transport-native-unix-common\4.1.79.Final\netty-transport-native-unix-common-4.1.79.Final.jar;C:\Users\arkadiusz_toczek\.m2\repository\io\netty\netty-transport\4.1.79.Final\netty-transport-4.1.79.Final.jar;C:\Users\arkadiusz_toczek\.m2\repository\io\netty\netty-tcnative-boringssl-static\2.0.54.Final\netty-tcnative-boringssl-static-2.0.54.Final.jar;C:\Users\arkadiusz_toczek\.m2\repository\io\netty\netty-tcnative-classes\2.0.54.Final\netty-tcnative-classes-2.0.54.Final.jar;C:\Users\arkadiusz_toczek\.m2\repository\io\netty\netty-tcnative-boringssl-static\2.0.54.Final\netty-tcnative-boringssl-static-2.0.54.Final-linux-x86_64.jar;C:\Users\arkadiusz_toczek\.m2\repository\io\netty\netty-tcnative-boringssl-static\2.0.54.Final\netty-tcnative-boringssl-static-2.0.54.Final-linux-aarch_64.jar;C:\Users\arkadiusz_toczek\.m2\repository\io\netty\netty-tcnative-boringssl-static\2.0.54.Final\netty-tcnative-boringssl-static-2.0.54.Final-osx-x86_64.jar;C:\Users\arkadiusz_toczek\.m2\repository\io\netty\netty-tcnative-boringssl-static\2.0.54.Final\netty-tcnative-boringssl-static-2.0.54.Final-osx-aarch_64.jar;C:\Users\arkadiusz_toczek\.m2\repository\io\netty\netty-tcnative-boringssl-static\2.0.54.Final\netty-tcnative-boringssl-static-2.0.54.Final-windows-x86_64.jar;C:\Users\arkadiusz_toczek\.m2\repository\commons-io\commons-io\2.11.0\commons-io-2.11.0.jar;C:\Users\arkadiusz_toczek\.m2\repository\com\google\guava\guava\31.1-jre\guava-31.1-jre.jar;C:\Users\arkadiusz_toczek\.m2\repository\com\google\guava\failureaccess\1.0.1\failureaccess-1.0.1.jar;C:\Users\arkadiusz_toczek\.m2\repository\com\google\guava\listenablefuture\9999.0-empty-to-avoid-conflict-with-guava\listenablefuture-9999.0-empty-to-avoid-conflict-with-guava.jar;C:\Users\arkadiusz_toczek\.m2\repository\com\google\code\findbugs\jsr305\3.0.2\jsr305-3.0.2.jar;C:\Users\arkadiusz_toczek\.m2\repository\org\checkerframework\checker-qual\3.12.0\checker-qual-3.12.0.jar;C:\Users\arkadiusz_toczek\.m2\repository\com\google\errorprone\error_prone_annotations\2.11.0\error_prone_annotations-2.11.0.jar;C:\Users\arkadiusz_toczek\.m2\repository\com\google\j2objc\j2objc-annotations\1.3\j2objc-annotations-1.3.jar;C:\Users\arkadiusz_toczek\.m2\repository\org\slf4j\slf4j-api\1.7.36\slf4j-api-1.7.36.jar;C:\Users\arkadiusz_toczek\.m2\repository\org\mock-server\mockserver-client-java\5.14.0\mockserver-client-java-5.14.0.jar;C:\Users\arkadiusz_toczek\.m2\repository\org\apache\commons\commons-lang3\3.12.0\commons-lang3-3.12.0.jar;C:\Users\arkadiusz_toczek\.m2\repository\org\mockito\mockito-core\3.10.0\mockito-core-3.10.0.jar;C:\Users\arkadiusz_toczek\.m2\repository\net\bytebuddy\byte-buddy\1.11.0\byte-buddy-1.11.0.jar;C:\Users\arkadiusz_toczek\.m2\repository\net\bytebuddy\byte-buddy-agent\1.11.0\byte-buddy-agent-1.11.0.jar;C:\Users\arkadiusz_toczek\.m2\repository\org\objenesis\objenesis\3.2\objenesis-3.2.jar;"/>
    <property name="java.vm.vendor" value="Oracle Corporation"/>
    <property name="sun.arch.data.model" value="64"/>
    <property name="user.variant" value=""/>
    <property name="java.vendor.url" value="https://openjdk.java.net/"/>
    <property name="user.timezone" value="Europe/Belgrade"/>
    <property name="user.country.format" value="PL"/>
    <property name="java.vm.specification.version" value="11"/>
    <property name="os.name" value="Windows 10"/>
    <property name="sun.java.launcher" value="SUN_STANDARD"/>
    <property name="user.country" value="US"/>
    <property name="sun.boot.library.path" value="C:\Program Files\Java\jdk-11.0.8\bin"/>
    <property name="sun.java.command" value="C:\Users\arkadiusz_toczek\AppData\Local\Temp\surefire9726759523825833967\surefirebooter8644508334058963346.jar C:\Users\arkadiusz_toczek\AppData\Local\Temp\surefire9726759523825833967 2023-04-05T16-25-16_700-jvmRun1 surefire2111188757623061232tmp surefire_010716337492238642395tmp"/>
    <property name="jdk.debug" value="release"/>
    <property name="surefire.test.class.path" value="C:\Users\arkadiusz_toczek\OneDrive - Refinitiv\Desktop\Test_frameworks\programautomatycy.api_.restassured\programautomatycy.api.restassured\target\test-classes;C:\Users\arkadiusz_toczek\OneDrive - Refinitiv\Desktop\Test_frameworks\programautomatycy.api_.restassured\programautomatycy.api.restassured\target\classes;C:\Users\arkadiusz_toczek\.m2\repository\io\rest-assured\rest-assured\4.3.1\rest-assured-4.3.1.jar;C:\Users\arkadiusz_toczek\.m2\repository\org\codehaus\groovy\groovy\3.0.3\groovy-3.0.3.jar;C:\Users\arkadiusz_toczek\.m2\repository\org\codehaus\groovy\groovy-xml\3.0.3\groovy-xml-3.0.3.jar;C:\Users\arkadiusz_toczek\.m2\repository\org\apache\httpcomponents\httpclient\4.5.3\httpclient-4.5.3.jar;C:\Users\arkadiusz_toczek\.m2\repository\org\apache\httpcomponents\httpcore\4.4.6\httpcore-4.4.6.jar;C:\Users\arkadiusz_toczek\.m2\repository\commons-logging\commons-logging\1.2\commons-logging-1.2.jar;C:\Users\arkadiusz_toczek\.m2\repository\commons-codec\commons-codec\1.9\commons-codec-1.9.jar;C:\Users\arkadiusz_toczek\.m2\repository\org\apache\httpcomponents\httpmime\4.5.3\httpmime-4.5.3.jar;C:\Users\arkadiusz_toczek\.m2\repository\org\hamcrest\hamcrest\2.1\hamcrest-2.1.jar;C:\Users\arkadiusz_toczek\.m2\repository\org\ccil\cowan\tagsoup\tagsoup\1.2.1\tagsoup-1.2.1.jar;C:\Users\arkadiusz_toczek\.m2\repository\io\rest-assured\json-path\4.3.1\json-path-4.3.1.jar;C:\Users\arkadiusz_toczek\.m2\repository\org\codehaus\groovy\groovy-json\3.0.3\groovy-json-3.0.3.jar;C:\Users\arkadiusz_toczek\.m2\repository\io\rest-assured\rest-assured-common\4.3.1\rest-assured-common-4.3.1.jar;C:\Users\arkadiusz_toczek\.m2\repository\io\rest-assured\xml-path\4.3.1\xml-path-4.3.1.jar;C:\Users\arkadiusz_toczek\.m2\repository\jakarta\xml\bind\jakarta.xml.bind-api\2.3.3\jakarta.xml.bind-api-2.3.3.jar;C:\Users\arkadiusz_toczek\.m2\repository\jakarta\activation\jakarta.activation-api\1.2.2\jakarta.activation-api-1.2.2.jar;C:\Users\arkadiusz_toczek\.m2\repository\com\sun\xml\bind\jaxb-impl\2.3.3\jaxb-impl-2.3.3.jar;C:\Users\arkadiusz_toczek\.m2\repository\org\json\json\20200518\json-20200518.jar;C:\Users\arkadiusz_toczek\.m2\repository\net\minidev\json-smart\2.3\json-smart-2.3.jar;C:\Users\arkadiusz_toczek\.m2\repository\net\minidev\accessors-smart\1.2\accessors-smart-1.2.jar;C:\Users\arkadiusz_toczek\.m2\repository\org\ow2\asm\asm\5.0.4\asm-5.0.4.jar;C:\Users\arkadiusz_toczek\.m2\repository\com\fasterxml\jackson\core\jackson-databind\2.11.3\jackson-databind-2.11.3.jar;C:\Users\arkadiusz_toczek\.m2\repository\com\fasterxml\jackson\core\jackson-core\2.11.3\jackson-core-2.11.3.jar;C:\Users\arkadiusz_toczek\.m2\repository\com\fasterxml\jackson\core\jackson-annotations\2.11.3\jackson-annotations-2.11.3.jar;C:\Users\arkadiusz_toczek\.m2\repository\org\testng\testng\7.3.0\testng-7.3.0.jar;C:\Users\arkadiusz_toczek\.m2\repository\com\beust\jcommander\1.78\jcommander-1.78.jar;C:\Users\arkadiusz_toczek\.m2\repository\org\apache\ant\ant\1.10.3\ant-1.10.3.jar;C:\Users\arkadiusz_toczek\.m2\repository\org\apache\ant\ant-launcher\1.10.3\ant-launcher-1.10.3.jar;C:\Users\arkadiusz_toczek\.m2\repository\junit\junit\4.12\junit-4.12.jar;C:\Users\arkadiusz_toczek\.m2\repository\org\hamcrest\hamcrest-core\1.3\hamcrest-core-1.3.jar;C:\Users\arkadiusz_toczek\.m2\repository\com\google\inject\guice\4.2.2\guice-4.2.2-no_aop.jar;C:\Users\arkadiusz_toczek\.m2\repository\javax\inject\javax.inject\1\javax.inject-1.jar;C:\Users\arkadiusz_toczek\.m2\repository\aopalliance\aopalliance\1.0\aopalliance-1.0.jar;C:\Users\arkadiusz_toczek\.m2\repository\org\yaml\snakeyaml\1.21\snakeyaml-1.21.jar;C:\Users\arkadiusz_toczek\.m2\repository\org\junit\jupiter\junit-jupiter-api\5.7.2\junit-jupiter-api-5.7.2.jar;C:\Users\arkadiusz_toczek\.m2\repository\org\apiguardian\apiguardian-api\1.1.0\apiguardian-api-1.1.0.jar;C:\Users\arkadiusz_toczek\.m2\repository\org\opentest4j\opentest4j\1.2.0\opentest4j-1.2.0.jar;C:\Users\arkadiusz_toczek\.m2\repository\org\junit\platform\junit-platform-commons\1.7.2\junit-platform-commons-1.7.2.jar;C:\Users\arkadiusz_toczek\.m2\repository\org\mock-server\mockserver-netty\5.14.0\mockserver-netty-5.14.0.jar;C:\Users\arkadiusz_toczek\.m2\repository\org\mock-server\mockserver-core\5.14.0\mockserver-core-5.14.0.jar;C:\Users\arkadiusz_toczek\.m2\repository\com\lmax\disruptor\3.4.4\disruptor-3.4.4.jar;C:\Users\arkadiusz_toczek\.m2\repository\javax\servlet\javax.servlet-api\4.0.1\javax.servlet-api-4.0.1.jar;C:\Users\arkadiusz_toczek\.m2\repository\io\netty\netty-codec-socks\4.1.79.Final\netty-codec-socks-4.1.79.Final.jar;C:\Users\arkadiusz_toczek\.m2\repository\io\netty\netty-handler-proxy\4.1.79.Final\netty-handler-proxy-4.1.79.Final.jar;C:\Users\arkadiusz_toczek\.m2\repository\com\jcraft\jzlib\1.1.3\jzlib-1.1.3.jar;C:\Users\arkadiusz_toczek\.m2\repository\com\fasterxml\uuid\java-uuid-generator\4.0.1\java-uuid-generator-4.0.1.jar;C:\Users\arkadiusz_toczek\.m2\repository\org\bouncycastle\bcprov-jdk18on\1.71\bcprov-jdk18on-1.71.jar;C:\Users\arkadiusz_toczek\.m2\repository\org\bouncycastle\bcpkix-jdk18on\1.71\bcpkix-jdk18on-1.71.jar;C:\Users\arkadiusz_toczek\.m2\repository\org\bouncycastle\bcutil-jdk18on\1.71\bcutil-jdk18on-1.71.jar;C:\Users\arkadiusz_toczek\.m2\repository\com\nimbusds\nimbus-jose-jwt\9.24.2\nimbus-jose-jwt-9.24.2.jar;C:\Users\arkadiusz_toczek\.m2\repository\com\github\stephenc\jcip\jcip-annotations\1.0-1\jcip-annotations-1.0-1.jar;C:\Users\arkadiusz_toczek\.m2\repository\org\apache\velocity\velocity-engine-scripting\2.3\velocity-engine-scripting-2.3.jar;C:\Users\arkadiusz_toczek\.m2\repository\org\apache\velocity\velocity-engine-core\2.3\velocity-engine-core-2.3.jar;C:\Users\arkadiusz_toczek\.m2\repository\org\apache\velocity\tools\velocity-tools-generic\3.1\velocity-tools-generic-3.1.jar;C:\Users\arkadiusz_toczek\.m2\repository\commons-beanutils\commons-beanutils\1.9.4\commons-beanutils-1.9.4.jar;C:\Users\arkadiusz_toczek\.m2\repository\commons-collections\commons-collections\3.2.2\commons-collections-3.2.2.jar;C:\Users\arkadiusz_toczek\.m2\repository\org\apache\commons\commons-digester3\3.2\commons-digester3-3.2.jar;C:\Users\arkadiusz_toczek\.m2\repository\com\github\cliftonlabs\json-simple\3.0.2\json-simple-3.0.2.jar;C:\Users\arkadiusz_toczek\.m2\repository\com\samskivert\jmustache\1.15\jmustache-1.15.jar;C:\Users\arkadiusz_toczek\.m2\repository\net\javacrumbs\json-unit\json-unit-core\2.35.0\json-unit-core-2.35.0.jar;C:\Users\arkadiusz_toczek\.m2\repository\com\networknt\json-schema-validator\1.0.72\json-schema-validator-1.0.72.jar;C:\Users\arkadiusz_toczek\.m2\repository\com\ethlo\time\itu\1.7.0\itu-1.7.0.jar;C:\Users\arkadiusz_toczek\.m2\repository\com\jayway\jsonpath\json-path\2.7.0\json-path-2.7.0.jar;C:\Users\arkadiusz_toczek\.m2\repository\io\swagger\parser\v3\swagger-parser\2.1.2\swagger-parser-2.1.2.jar;C:\Users\arkadiusz_toczek\.m2\repository\io\swagger\parser\v3\swagger-parser-v2-converter\2.1.2\swagger-parser-v2-converter-2.1.2.jar;C:\Users\arkadiusz_toczek\.m2\repository\io\swagger\swagger-core\1.6.6\swagger-core-1.6.6.jar;C:\Users\arkadiusz_toczek\.m2\repository\io\swagger\swagger-models\1.6.6\swagger-models-1.6.6.jar;C:\Users\arkadiusz_toczek\.m2\repository\io\swagger\swagger-annotations\1.6.6\swagger-annotations-1.6.6.jar;C:\Users\arkadiusz_toczek\.m2\repository\io\swagger\swagger-parser\1.0.61\swagger-parser-1.0.61.jar;C:\Users\arkadiusz_toczek\.m2\repository\io\swagger\swagger-compat-spec-parser\1.0.61\swagger-compat-spec-parser-1.0.61.jar;C:\Users\arkadiusz_toczek\.m2\repository\com\github\java-json-tools\json-schema-validator\2.2.14\json-schema-validator-2.2.14.jar;C:\Users\arkadiusz_toczek\.m2\repository\com\github\java-json-tools\jackson-coreutils-equivalence\1.0\jackson-coreutils-equivalence-1.0.jar;C:\Users\arkadiusz_toczek\.m2\repository\com\github\java-json-tools\json-schema-core\1.2.14\json-schema-core-1.2.14.jar;C:\Users\arkadiusz_toczek\.m2\repository\com\github\java-json-tools\uri-template\0.10\uri-template-0.10.jar;C:\Users\arkadiusz_toczek\.m2\repository\org\mozilla\rhino\1.7.7.2\rhino-1.7.7.2.jar;C:\Users\arkadiusz_toczek\.m2\repository\com\sun\mail\mailapi\1.6.2\mailapi-1.6.2.jar;C:\Users\arkadiusz_toczek\.m2\repository\joda-time\joda-time\2.10.5\joda-time-2.10.5.jar;C:\Users\arkadiusz_toczek\.m2\repository\com\googlecode\libphonenumber\libphonenumber\8.11.1\libphonenumber-8.11.1.jar;C:\Users\arkadiusz_toczek\.m2\repository\net\sf\jopt-simple\jopt-simple\5.0.4\jopt-simple-5.0.4.jar;C:\Users\arkadiusz_toczek\.m2\repository\com\github\java-json-tools\json-patch\1.13\json-patch-1.13.jar;C:\Users\arkadiusz_toczek\.m2\repository\com\github\java-json-tools\msg-simple\1.2\msg-simple-1.2.jar;C:\Users\arkadiusz_toczek\.m2\repository\com\github\java-json-tools\btf\1.3\btf-1.3.jar;C:\Users\arkadiusz_toczek\.m2\repository\com\github\java-json-tools\jackson-coreutils\2.0\jackson-coreutils-2.0.jar;C:\Users\arkadiusz_toczek\.m2\repository\io\swagger\core\v3\swagger-models\2.2.2\swagger-models-2.2.2.jar;C:\Users\arkadiusz_toczek\.m2\repository\io\swagger\parser\v3\swagger-parser-core\2.1.2\swagger-parser-core-2.1.2.jar;C:\Users\arkadiusz_toczek\.m2\repository\io\swagger\parser\v3\swagger-parser-v3\2.1.2\swagger-parser-v3-2.1.2.jar;C:\Users\arkadiusz_toczek\.m2\repository\io\swagger\core\v3\swagger-core\2.2.2\swagger-core-2.2.2.jar;C:\Users\arkadiusz_toczek\.m2\repository\com\fasterxml\jackson\datatype\jackson-datatype-jsr310\2.13.3\jackson-datatype-jsr310-2.13.3.jar;C:\Users\arkadiusz_toczek\.m2\repository\io\swagger\core\v3\swagger-annotations\2.2.2\swagger-annotations-2.2.2.jar;C:\Users\arkadiusz_toczek\.m2\repository\jakarta\validation\jakarta.validation-api\2.0.2\jakarta.validation-api-2.0.2.jar;C:\Users\arkadiusz_toczek\.m2\repository\com\fasterxml\jackson\dataformat\jackson-dataformat-yaml\2.13.2\jackson-dataformat-yaml-2.13.2.jar;C:\Users\arkadiusz_toczek\.m2\repository\org\xmlunit\xmlunit-core\2.9.0\xmlunit-core-2.9.0.jar;C:\Users\arkadiusz_toczek\.m2\repository\org\xmlunit\xmlunit-placeholders\2.9.0\xmlunit-placeholders-2.9.0.jar;C:\Users\arkadiusz_toczek\.m2\repository\org\apache\commons\commons-text\1.9\commons-text-1.9.jar;C:\Users\arkadiusz_toczek\.m2\repository\io\github\classgraph\classgraph\4.8.149\classgraph-4.8.149.jar;C:\Users\arkadiusz_toczek\.m2\repository\io\netty\netty-buffer\4.1.79.Final\netty-buffer-4.1.79.Final.jar;C:\Users\arkadiusz_toczek\.m2\repository\io\netty\netty-codec\4.1.79.Final\netty-codec-4.1.79.Final.jar;C:\Users\arkadiusz_toczek\.m2\repository\io\netty\netty-codec-http\4.1.79.Final\netty-codec-http-4.1.79.Final.jar;C:\Users\arkadiusz_toczek\.m2\repository\io\netty\netty-common\4.1.79.Final\netty-common-4.1.79.Final.jar;C:\Users\arkadiusz_toczek\.m2\repository\io\netty\netty-handler\4.1.79.Final\netty-handler-4.1.79.Final.jar;C:\Users\arkadiusz_toczek\.m2\repository\io\netty\netty-resolver\4.1.79.Final\netty-resolver-4.1.79.Final.jar;C:\Users\arkadiusz_toczek\.m2\repository\io\netty\netty-transport-native-unix-common\4.1.79.Final\netty-transport-native-unix-common-4.1.79.Final.jar;C:\Users\arkadiusz_toczek\.m2\repository\io\netty\netty-transport\4.1.79.Final\netty-transport-4.1.79.Final.jar;C:\Users\arkadiusz_toczek\.m2\repository\io\netty\netty-tcnative-boringssl-static\2.0.54.Final\netty-tcnative-boringssl-static-2.0.54.Final.jar;C:\Users\arkadiusz_toczek\.m2\repository\io\netty\netty-tcnative-classes\2.0.54.Final\netty-tcnative-classes-2.0.54.Final.jar;C:\Users\arkadiusz_toczek\.m2\repository\io\netty\netty-tcnative-boringssl-static\2.0.54.Final\netty-tcnative-boringssl-static-2.0.54.Final-linux-x86_64.jar;C:\Users\arkadiusz_toczek\.m2\repository\io\netty\netty-tcnative-boringssl-static\2.0.54.Final\netty-tcnative-boringssl-static-2.0.54.Final-linux-aarch_64.jar;C:\Users\arkadiusz_toczek\.m2\repository\io\netty\netty-tcnative-boringssl-static\2.0.54.Final\netty-tcnative-boringssl-static-2.0.54.Final-osx-x86_64.jar;C:\Users\arkadiusz_toczek\.m2\repository\io\netty\netty-tcnative-boringssl-static\2.0.54.Final\netty-tcnative-boringssl-static-2.0.54.Final-osx-aarch_64.jar;C:\Users\arkadiusz_toczek\.m2\repository\io\netty\netty-tcnative-boringssl-static\2.0.54.Final\netty-tcnative-boringssl-static-2.0.54.Final-windows-x86_64.jar;C:\Users\arkadiusz_toczek\.m2\repository\commons-io\commons-io\2.11.0\commons-io-2.11.0.jar;C:\Users\arkadiusz_toczek\.m2\repository\com\google\guava\guava\31.1-jre\guava-31.1-jre.jar;C:\Users\arkadiusz_toczek\.m2\repository\com\google\guava\failureaccess\1.0.1\failureaccess-1.0.1.jar;C:\Users\arkadiusz_toczek\.m2\repository\com\google\guava\listenablefuture\9999.0-empty-to-avoid-conflict-with-guava\listenablefuture-9999.0-empty-to-avoid-conflict-with-guava.jar;C:\Users\arkadiusz_toczek\.m2\repository\com\google\code\findbugs\jsr305\3.0.2\jsr305-3.0.2.jar;C:\Users\arkadiusz_toczek\.m2\repository\org\checkerframework\checker-qual\3.12.0\checker-qual-3.12.0.jar;C:\Users\arkadiusz_toczek\.m2\repository\com\google\errorprone\error_prone_annotations\2.11.0\error_prone_annotations-2.11.0.jar;C:\Users\arkadiusz_toczek\.m2\repository\com\google\j2objc\j2objc-annotations\1.3\j2objc-annotations-1.3.jar;C:\Users\arkadiusz_toczek\.m2\repository\org\slf4j\slf4j-api\1.7.36\slf4j-api-1.7.36.jar;C:\Users\arkadiusz_toczek\.m2\repository\org\mock-server\mockserver-client-java\5.14.0\mockserver-client-java-5.14.0.jar;C:\Users\arkadiusz_toczek\.m2\repository\org\apache\commons\commons-lang3\3.12.0\commons-lang3-3.12.0.jar;C:\Users\arkadiusz_toczek\.m2\repository\org\mockito\mockito-core\3.10.0\mockito-core-3.10.0.jar;C:\Users\arkadiusz_toczek\.m2\repository\net\bytebuddy\byte-buddy\1.11.0\byte-buddy-1.11.0.jar;C:\Users\arkadiusz_toczek\.m2\repository\net\bytebuddy\byte-buddy-agent\1.11.0\byte-buddy-agent-1.11.0.jar;C:\Users\arkadiusz_toczek\.m2\repository\org\objenesis\objenesis\3.2\objenesis-3.2.jar;"/>
    <property name="sun.cpu.endian" value="little"/>
    <property name="user.home" value="C:\Users\arkadiusz_toczek"/>
    <property name="user.language" value="en"/>
    <property name="java.specification.vendor" value="Oracle Corporation"/>
    <property name="java.version.date" value="2020-07-14"/>
    <property name="java.home" value="C:\Program Files\Java\jdk-11.0.8"/>
    <property name="file.separator" value="\"/>
    <property name="basedir" value="C:\Users\arkadiusz_toczek\OneDrive - Refinitiv\Desktop\Test_frameworks\programautomatycy.api_.restassured\programautomatycy.api.restassured"/>
    <property name="java.vm.compressedOopsMode" value="Zero based"/>
    <property name="line.separator" value="&#10;"/>
    <property name="java.specification.name" value="Java Platform API Specification"/>
    <property name="java.vm.specification.vendor" value="Oracle Corporation"/>
    <property name="java.awt.graphicsenv" value="sun.awt.Win32GraphicsEnvironment"/>
    <property name="surefire.real.class.path" value="C:\Users\arkadiusz_toczek\AppData\Local\Temp\surefire9726759523825833967\surefirebooter8644508334058963346.jar"/>
    <property name="user.script" value=""/>
    <property name="sun.management.compiler" value="HotSpot 64-Bit Tiered Compilers"/>
    <property name="java.runtime.version" value="11.0.8+10-LTS"/>
    <property name="user.name" value="Arkadiusz_Toczek"/>
    <property name="path.separator" value=";"/>
    <property name="os.version" value="10.0"/>
    <property name="java.runtime.name" value="Java(TM) SE Runtime Environment"/>
    <property name="file.encoding" value="Cp1250"/>
    <property name="java.vm.name" value="Java HotSpot(TM) 64-Bit Server VM"/>
    <property name="java.vendor.version" value="18.9"/>
    <property name="localRepository" value="C:\Users\arkadiusz_toczek\.m2\repository"/>
    <property name="java.vendor.url.bug" value="https://bugreport.java.com/bugreport/"/>
    <property name="java.io.tmpdir" value="C:\Users\ARKADI~1\AppData\Local\Temp\"/>
    <property name="java.version" value="11.0.8"/>
    <property name="user.dir" value="C:\Users\arkadiusz_toczek\OneDrive - Refinitiv\Desktop\Test_frameworks\programautomatycy.api_.restassured\programautomatycy.api.restassured"/>
    <property name="os.arch" value="amd64"/>
    <property name="groups" value="pl.programautomatycy.cart.service.test.categories.ImportantTest"/>
    <property name="java.vm.specification.name" value="Java Virtual Machine Specification"/>
    <property name="java.awt.printerjob" value="sun.awt.windows.WPrinterJob"/>
    <property name="user.language.format" value="pl"/>
    <property name="sun.os.patch.level" value=""/>
    <property name="java.library.path" value="C:\Program Files\Java\jdk-11.0.8\bin;C:\WINDOWS\Sun\Java\bin;C:\WINDOWS\system32;C:\WINDOWS;C:\Program Files\Python311\Scripts\;C:\Program Files\Python311\;C:\Program Files\Common Files\Oracle\Java\javapath;C:\Program Files (x86)\Common Files\Oracle\Java\javapath;C:\WINDOWS\system32;C:\WINDOWS;C:\WINDOWS\System32\Wbem;C:\WINDOWS\System32\WindowsPowerShell\v1.0\;C:\WINDOWS\System32\OpenSSH\;C:\Program Files\Java\jdk-11.0.8\bin;C:\Program Files\apache-maven-3.6.0\bin;C:\Program Files (x86)\Symantec\VIP Access Client\;C:\Program Files\Amazon\AWSCLI\bin\;C:\Program Files\Amazon\AWSSAMCLI\bin\;C:\Program Files (x86)\HP\Common\HPDestPlgIn\;C:\Program Files (x86)\HP\IdrsOCR_15.2.10.1114\;C:\Program Files\Terraform;C:\Program Files\PowerShell\7\;C:\Program Files (x86)\dotnet\;C:\Program Files\Git\cmd;C:\Program Files\TortoiseSVN\bin;C:\Webdrivers;C:\Users\arkadiusz_toczek\AppData\Local\Microsoft\WindowsApps;C:\Users\arkadiusz_toczek\AppData\Roaming\Python\Python36\Scripts;C:\Users\arkadiusz_toczek\allure-commandline-2.10.0\allure-2.10.0\bin;C:\Program Files (x86)\HP\Common\HPDestPlgIn\;;."/>
    <property name="java.vendor" value="Oracle Corporation"/>
    <property name="java.vm.info" value="mixed mode"/>
    <property name="java.vm.version" value="11.0.8+10-LTS"/>
    <property name="sun.io.unicode.encoding" value="UnicodeLittle"/>
    <property name="java.class.version" value="55.0"/>
  </properties>
  <testcase name="my2Test" classname="pl.programautomatycy.cart.service.test.A_FirstTest" time="0.01">
    <system-out><![CDATA[Execute test2 - ImportantTest
]]></system-out>
  </testcase>
</testsuite>